\BOOKMARK [1][-]{section.1}{\376\377\000I\000n\000t\000r\000o\000d\000u\000c\000t\000i\000o\000n}{}% 1
\BOOKMARK [2][-]{subsection.1.1}{\376\377\000R\000e\000s\000e\000a\000r\000c\000h\000\040\000Q\000u\000e\000s\000t\000i\000o\000n\000s}{section.1}% 2
\BOOKMARK [2][-]{subsection.1.2}{\376\377\000S\000i\000g\000n\000i\000f\000i\000c\000a\000n\000c\000e\000\040\000o\000f\000\040\000t\000h\000e\000\040\000S\000t\000u\000d\000y}{section.1}% 3
\BOOKMARK [1][-]{section.2}{\376\377\000L\000i\000t\000e\000r\000a\000t\000u\000r\000e\000\040\000R\000e\000v\000i\000e\000w}{}% 4
\BOOKMARK [2][-]{subsection.2.1}{\376\377\000T\000h\000e\000\040\000l\000l\000m\000.\000t\000x\000t\000\040\000S\000t\000a\000n\000d\000a\000r\000d\000\040\000a\000n\000d\000\040\000M\000a\000c\000h\000i\000n\000e\000-\000O\000p\000t\000i\000m\000i\000z\000e\000d\000\040\000D\000o\000c\000u\000m\000e\000n\000t\000a\000t\000i\000o\000n}{section.2}% 5
\BOOKMARK [2][-]{subsection.2.2}{\376\377\000T\000r\000a\000d\000i\000t\000i\000o\000n\000a\000l\000\040\000R\000e\000a\000d\000a\000b\000i\000l\000i\000t\000y\000\040\000M\000e\000t\000r\000i\000c\000s}{section.2}% 6
\BOOKMARK [2][-]{subsection.2.3}{\376\377\000T\000o\000k\000e\000n\000i\000z\000a\000t\000i\000o\000n\000\040\000a\000n\000d\000\040\000C\000o\000m\000p\000u\000t\000a\000t\000i\000o\000n\000a\000l\000\040\000E\000f\000f\000i\000c\000i\000e\000n\000c\000y}{section.2}% 7
\BOOKMARK [2][-]{subsection.2.4}{\376\377\000L\000L\000M\000-\000a\000s\000-\000a\000-\000J\000u\000d\000g\000e\000\040\000E\000v\000a\000l\000u\000a\000t\000i\000o\000n\000\040\000M\000e\000t\000h\000o\000d\000o\000l\000o\000g\000y}{section.2}% 8
\BOOKMARK [2][-]{subsection.2.5}{\376\377\000R\000e\000s\000e\000a\000r\000c\000h\000\040\000G\000a\000p}{section.2}% 9
\BOOKMARK [1][-]{section.3}{\376\377\000M\000e\000t\000h\000o\000d}{}% 10
\BOOKMARK [2][-]{subsection.3.1}{\376\377\000R\000e\000s\000e\000a\000r\000c\000h\000\040\000D\000e\000s\000i\000g\000n}{section.3}% 11
\BOOKMARK [2][-]{subsection.3.2}{\376\377\000C\000o\000r\000p\000u\000s\000\040\000S\000e\000l\000e\000c\000t\000i\000o\000n}{section.3}% 12
\BOOKMARK [2][-]{subsection.3.3}{\376\377\000D\000a\000t\000a\000\040\000C\000o\000l\000l\000e\000c\000t\000i\000o\000n}{section.3}% 13
\BOOKMARK [2][-]{subsection.3.4}{\376\377\000M\000e\000t\000r\000i\000c\000s\000\040\000a\000n\000d\000\040\000I\000n\000s\000t\000r\000u\000m\000e\000n\000t\000s}{section.3}% 14
\BOOKMARK [3][-]{subsubsection.3.4.1}{\376\377\000T\000r\000a\000d\000i\000t\000i\000o\000n\000a\000l\000\040\000R\000e\000a\000d\000a\000b\000i\000l\000i\000t\000y\000\040\000M\000e\000t\000r\000i\000c\000s}{subsection.3.4}% 15
\BOOKMARK [3][-]{subsubsection.3.4.2}{\376\377\000L\000L\000M\000-\000a\000s\000-\000a\000-\000J\000u\000d\000g\000e\000\040\000E\000v\000a\000l\000u\000a\000t\000i\000o\000n}{subsection.3.4}% 16
\BOOKMARK [2][-]{subsection.3.5}{\376\377\000A\000n\000a\000l\000y\000s\000i\000s\000\040\000P\000r\000o\000c\000e\000d\000u\000r\000e}{section.3}% 17
\BOOKMARK [3][-]{subsubsection.3.5.1}{\376\377\000S\000t\000a\000t\000i\000s\000t\000i\000c\000a\000l\000\040\000T\000e\000s\000t\000s}{subsection.3.5}% 18
\BOOKMARK [3][-]{subsubsection.3.5.2}{\376\377\000S\000o\000f\000t\000w\000a\000r\000e\000\040\000a\000n\000d\000\040\000T\000o\000o\000l\000s}{subsection.3.5}% 19
\BOOKMARK [3][-]{subsubsection.3.5.3}{\376\377\000V\000a\000l\000i\000d\000a\000t\000i\000o\000n\000\040\000S\000t\000e\000p\000s}{subsection.3.5}% 20
\BOOKMARK [2][-]{subsection.3.6}{\376\377\000A\000I\000\040\000D\000e\000c\000l\000a\000r\000a\000t\000i\000o\000n}{section.3}% 21
\BOOKMARK [1][-]{section.4}{\376\377\000R\000e\000s\000u\000l\000t\000\040\000a\000n\000d\000\040\000D\000i\000s\000c\000u\000s\000s\000i\000o\000n}{}% 22
\BOOKMARK [2][-]{subsection.4.1}{\376\377\000D\000e\000s\000c\000r\000i\000p\000t\000i\000v\000e\000\040\000S\000t\000a\000t\000i\000s\000t\000i\000c\000s}{section.4}% 23
\BOOKMARK [2][-]{subsection.4.2}{\376\377\000T\000r\000a\000d\000i\000t\000i\000o\000n\000a\000l\000\040\000R\000e\000a\000d\000a\000b\000i\000l\000i\000t\000y\000\040\000A\000n\000a\000l\000y\000s\000i\000s}{section.4}% 24
\BOOKMARK [2][-]{subsection.4.3}{\376\377\000L\000L\000M\000-\000a\000s\000-\000a\000-\000J\000u\000d\000g\000e\000\040\000E\000v\000a\000l\000u\000a\000t\000i\000o\000n\000\040\000R\000e\000s\000u\000l\000t\000s}{section.4}% 25
\BOOKMARK [2][-]{subsection.4.4}{\376\377\000C\000o\000r\000r\000e\000l\000a\000t\000i\000o\000n\000\040\000A\000n\000a\000l\000y\000s\000i\000s}{section.4}% 26
\BOOKMARK [2][-]{subsection.4.5}{\376\377\000T\000h\000e\000\040\000R\000e\000a\000d\000a\000b\000i\000l\000i\000t\000y\000-\000T\000o\000k\000e\000n\000i\000z\000a\000t\000i\000o\000n\000\040\000P\000a\000r\000a\000d\000o\000x}{section.4}% 27
\BOOKMARK [2][-]{subsection.4.6}{\376\377\000D\000i\000s\000c\000u\000s\000s\000i\000o\000n}{section.4}% 28
\BOOKMARK [1][-]{section.5}{\376\377\000C\000o\000n\000c\000l\000u\000s\000i\000o\000n}{}% 29
\BOOKMARK [2][-]{subsection.5.1}{\376\377\000L\000i\000m\000i\000t\000a\000t\000i\000o\000n\000s}{section.5}% 30
\BOOKMARK [2][-]{subsection.5.2}{\376\377\000F\000u\000t\000u\000r\000e\000\040\000W\000o\000r\000k}{section.5}% 31
\BOOKMARK [1][-]{section.6}{\376\377\000*}{}% 32
\BOOKMARK [1][-]{section.7}{\376\377\000*}{}% 33
\BOOKMARK [1][-]{section.8}{\376\377\000*}{}% 34
\BOOKMARK [1][-]{section.8}{\376\377\000R\000e\000f\000e\000r\000e\000n\000c\000e\000s}{}% 35
